[debug] [2022-03-08T15:31:37.069Z] ----------------------------------------------------------------------
[debug] [2022-03-08T15:31:37.073Z] Command:       C:\Program Files\nodejs\node.exe C:\Users\Leefo\AppData\Roaming\npm\node_modules\firebase-tools\lib\bin\firebase.js init
[debug] [2022-03-08T15:31:37.075Z] CLI Version:   10.2.1
[debug] [2022-03-08T15:31:37.075Z] Platform:      win32
[debug] [2022-03-08T15:31:37.075Z] Node Version:  v16.13.2
[debug] [2022-03-08T15:31:37.077Z] Time:          Tue Mar 08 2022 17:31:37 GMT+0200 (Eastern European Standard Time)
[debug] [2022-03-08T15:31:37.077Z] ----------------------------------------------------------------------
[debug] 
[debug] [2022-03-08T15:31:37.083Z] >>> [apiv2][query] GET https://firebase-public.firebaseio.com/cli.json [none]
[debug] [2022-03-08T15:31:37.129Z] > command requires scopes: ["email","openid","https://www.googleapis.com/auth/cloudplatformprojects.readonly","https://www.googleapis.com/auth/firebase","https://www.googleapis.com/auth/cloud-platform"]
[debug] [2022-03-08T15:31:37.129Z] > authorizing via signed-in user (a.m.abouelleef@gmail.com)
[info] 
     ######## #### ########  ######## ########     ###     ######  ########
     ##        ##  ##     ## ##       ##     ##  ##   ##  ##       ##
     ######    ##  ########  ######   ########  #########  ######  ######
     ##        ##  ##    ##  ##       ##     ## ##     ##       ## ##
     ##       #### ##     ## ######## ########  ##     ##  ######  ########

You're about to initialize a Firebase project in this directory:

  D:\Code\Front\React-tuts\playstation

[debug] [2022-03-08T15:31:37.736Z] <<< [apiv2][status] GET https://firebase-public.firebaseio.com/cli.json 200
[debug] [2022-03-08T15:31:37.736Z] <<< [apiv2][body] GET https://firebase-public.firebaseio.com/cli.json {"cloudBuildErrorAfter":1594252800000,"cloudBuildWarnAfter":1590019200000,"defaultNode10After":1594252800000,"minVersion":"3.0.5","node8DeploysDisabledAfter":1613390400000,"node8RuntimeDisabledAfter":1615809600000,"node8WarnAfter":1600128000000}
